A51 MACRO ASSEMBLER  PROJ                                                                 10/05/2022 20:48:43 PAGE     1


MACRO ASSEMBLER A51 V8.2.7.0
OBJECT MODULE PLACED IN .\Objects\proj.obj
ASSEMBLER INVOKED BY: C:\Keil_v5\C51\BIN\A51.EXE proj.a51 SET(SMALL) DEBUG PRINT(.\Listings\proj.lst) OBJECT(.\Objects\p
                      roj.obj) EP

LOC  OBJ            LINE     SOURCE

  00B0                 1                     BTN BIT P3.0
                       2                     
0000                   3                     ORG 00H
0000 802E              4                     SJMP MAIN
0030                   5                     ORG 30H
0030                   6     MAIN:   
0030 900057            7                     MOV DPTR,#TAB   ;ARR
0033 7906              8                     MOV R1,#6               ;ARR LENGTH
0035 7A00              9                     MOV R2,#0               ;ARR INDEX
0037                  10     DETECT: 
0037 20B0FD           11                     JB BTN,DETECT   ;IF NOT DOWN, KEEP DETECTION
003A                  12     DOWN:
003A 30B0FD           13                     JNB BTN,DOWN    ;IF NOT KEYUP, WAIT FOR KEYUP
003D                  14     UP:
003D 120049           15                     LCALL DISP
0040 12004E           16                     LCALL LDELAY
0043 0A               17                     INC R2                  ;INDEX++
                      18                     
0044 D9F1             19                     DJNZ R1,DETECT  ;LOOP COUNTDOWN
0046 020030           20                     LJMP MAIN               ;RESET LOOP
                      21                             
                      22                             
                      23                             
0049                  24     DISP:
0049 EA               25                     MOV A,R2
004A 93               26                     MOVC A,@A+DPTR
004B F580             27                     MOV P0,A
004D 22               28                     RET
                      29     
004E                  30     LDELAY:
004E 7D00             31                     MOV R5,#0
0050                  32     LOOP:   
0050 7E00             33                     MOV R6,#0
0052 DEFE             34                     DJNZ R6,$               ;FOR R6
0054 DDFA             35                     DJNZ R5,LOOP    ;FOR R5
0056 22               36                     RET
                      37                     
                      38                     
                      39     
0057                  40     TAB:
0057 A5               41     DB 10100101B
0058 5A               42     DB 01011010B
0059 CC               43     DB 11001100B
005A 33               44     DB 00110011B
005B AA               45     DB 10101010B
005C 55               46     DB 01010101B
                      47     
                      48     END
A51 MACRO ASSEMBLER  PROJ                                                                 10/05/2022 20:48:43 PAGE     2

SYMBOL TABLE LISTING
------ ----- -------


N A M E             T Y P E  V A L U E   ATTRIBUTES

BTN. . . . . . . .  B ADDR   00B0H.0 A   
DETECT . . . . . .  C ADDR   0037H   A   
DISP . . . . . . .  C ADDR   0049H   A   
DOWN . . . . . . .  C ADDR   003AH   A   
LDELAY . . . . . .  C ADDR   004EH   A   
LOOP . . . . . . .  C ADDR   0050H   A   
MAIN . . . . . . .  C ADDR   0030H   A   
P0 . . . . . . . .  D ADDR   0080H   A   
P3 . . . . . . . .  D ADDR   00B0H   A   
TAB. . . . . . . .  C ADDR   0057H   A   
UP . . . . . . . .  C ADDR   003DH   A   


REGISTER BANK(S) USED: 0 


ASSEMBLY COMPLETE.  0 WARNING(S), 0 ERROR(S)
