C51 COMPILER V9.60.0.0   PROJ                                                              10/27/2022 18:10:48 PAGE 1   


C51 COMPILER V9.60.0.0, COMPILATION OF MODULE PROJ
OBJECT MODULE PLACED IN .\Objects\proj.obj
COMPILER INVOKED BY: C:\Keil_v5\C51\BIN\C51.EXE proj.c OPTIMIZE(8,SPEED) BROWSE DEBUG OBJECTEXTEND PRINT(.\Listings\proj
                    -.lst) TABS(2) OBJECT(.\Objects\proj.obj)

line level    source

   1          #include <reg52.h>
   2          
   3          #define uint unsigned int
   4          #define uchar unsigned char
   5          #define OUT P2
   6          
   7          sbit pos=P1^0;                  //clockwise
   8          sbit neg=P1^1;                  //anti-clockwise
   9          
  10          char idx=0;
  11          uint rpm=60;
  12          uchar code turn[]={0x02,0x06,0x04,0x0c,0x08,0x09,0x01,0x03};
  13          
  14          void setTimer0(uint rpm){
  15   1        //((1m*60)s*1000000)us | 24step/rev
  16   1        uint t0=60*1000000/rpm/8; //us per step
  17   1        TH0=(65536-t0)/256;
  18   1        TL0=(65536-t0)%256;
  19   1      }
  20          
  21          void init(){
  22   1        TMOD=0x01;      //0b00000001
  23   1        setTimer0(rpm);
  24   1        EA=1;ET0=1;TR0=1;
  25   1      }
  26          
  27          void timer0() interrupt 1 {
  28   1        setTimer0(rpm);
  29   1        OUT=turn[idx];
  30   1        idx=++idx%8;
  31   1      }
  32          
  33          void main(){
  34   1        OUT=0x03;
  35   1        init();
  36   1        while(1);
  37   1      }
  38          


MODULE INFORMATION:   STATIC OVERLAYABLE
   CODE SIZE        =    222    ----
   CONSTANT SIZE    =      8    ----
   XDATA SIZE       =   ----    ----
   PDATA SIZE       =   ----    ----
   DATA SIZE        =      3       2
   IDATA SIZE       =   ----    ----
   BIT SIZE         =   ----    ----
END OF MODULE INFORMATION.


C51 COMPILATION COMPLETE.  0 WARNING(S),  0 ERROR(S)
